rssreader-source/proguard-project.txt
# To enable ProGuard in your project, edit project.properties
# to define the proguard.config property as described in that file.
#
# Add project specific ProGuard rules here.
# By default, the flags in this file are appended to flags specified
# in ${sdk.dir}/tools/proguard/proguard-android.txt
# You can edit the include path and order by changing the ProGuard
# include property in project.properties.
#
# For more details, see
#   http://developer.android.com/guide/developing/tools/proguard.html

# Add any project specific keep options here:

# If your project uses WebView with JS, uncomment the following
# and specify the fully qualified class name to the JavaScript interface
# class:
#-keepclassmembers class fqcn.of.javascript.interface.for.webview {
#   public *;
#}

-libraryjars libs/dom4j-1.6.1.jar
-libraryjars libs/jsoup-1.7.2.jar
-libraryjars libs/commons-io-2.4.jar
-libraryjars libs/umeng_sdk.jar

-optimizationpasses 5
-ignorewarnings

-keep class android.support.** { *; }
-keep interface android.support.** { *; }
-keep public class * extends android.app.Activity
-keep public class * extends android.app.Application
-keep public class * extends android.app.Service
-keep public class * extends android.content.BroadcastReceiver
-keep public class * extends android.content.ContentProvider

-keep public class com.pakg.m.inter.** {*;}
-keep public class cn.waps.** {*;}
-keep public interface cn.waps.** {*;}
-keep public class org.dom4j.** {*;}
-keep public interface org.dom4j.** {*;}
-keep class com.umeng.** {*;}
-keep interface com.umeng.** {*;}
-keep public class * extends com.umeng.**
-keep public class * extends com.umeng.analytics.**
-keep public class * extends com.umeng.common.**
-keep public class * extends com.umeng.newxp.**
-keep class com.actionbarsherlock.** { *; }
-keep interface com.actionbarsherlock.** { *; }
-keep class com.handmark.pulltorefresh.library.** { *; }
-keep interface com.handmark.pulltorefresh.library.** { *; }
-keep class com.j256.ormlite.** { *; }
-keep interface com.j256.ormlite.** { *; }
-keep class com.aphidmobile.** { *; }
-keep interface com.aphidmobile.** { *; }
-keep class com.avenwu.ereader.model.** { *; }
-keep interface com.avenwu.ereader.** { *; }
-keep public class * {
    public <init>(android.content.Context);
    public <init>(android.content.Context, android.util.AttributeSet);
    public <init>(android.content.Context, android.util.AttributeSet, int);
    public void set*(...);
}

-keepclasseswithmembers class * {
    public <init>(android.content.Context);
}

-keepclasseswithmembers class * {
    public <init>(android.content.Context, android.util.AttributeSet);
}

-keepclasseswithmembers class * {
    public <init>(android.content.Context, android.util.AttributeSet, int);
}

-dontwarn com.actionbarsherlock.**
-dontwarn com.handmark.pulltorefresh.library.**
-dontwarn com.j256.ormlite.**

-keepclassmembers class * {
public <init>(org.json.JSONObject);
}
-keep public class com.avenwu.ereader.R$*{
public static final int *;
}
-keep public class com.umeng.fb.ui.ThreadView {
}
-keepclassmembers class **.R$* {
    public static <fields>;
}