rssreader-source/proguard_logs/seeds.txt
com.avenwu.ereader.BuildConfig
com.avenwu.ereader.R
com.avenwu.ereader.R$anim
com.avenwu.ereader.R$anim: int fade
com.avenwu.ereader.R$anim: int layout_grid_inverse_fade
com.avenwu.ereader.R$anim: int layout_wave_scale
com.avenwu.ereader.R$anim: int left_in
com.avenwu.ereader.R$anim: int left_out
com.avenwu.ereader.R$anim: int list_layout_wave_scale
com.avenwu.ereader.R$anim: int list_wave_scale
com.avenwu.ereader.R$anim: int scale_up
com.avenwu.ereader.R$anim: int setting_rotate
com.avenwu.ereader.R$anim: int slide_in_from_bottom
com.avenwu.ereader.R$anim: int slide_in_from_top
com.avenwu.ereader.R$anim: int slide_out_to_bottom
com.avenwu.ereader.R$anim: int slide_out_to_top
com.avenwu.ereader.R$anim: int umeng_fb_slide_in_from_left
com.avenwu.ereader.R$anim: int umeng_fb_slide_in_from_right
com.avenwu.ereader.R$anim: int umeng_fb_slide_out_from_left
com.avenwu.ereader.R$anim: int umeng_fb_slide_out_from_right
com.avenwu.ereader.R$anim: int umeng_xp_fade_in
com.avenwu.ereader.R$anim: int umeng_xp_fade_out
com.avenwu.ereader.R$anim: int umeng_xp_large_gallery_in
com.avenwu.ereader.R$anim: int umeng_xp_progressbar
com.avenwu.ereader.R$anim: int umeng_xp_push_down_out
com.avenwu.ereader.R$anim: int umeng_xp_push_up_in
com.avenwu.ereader.R$anim: int umeng_xp_push_up_out
com.avenwu.ereader.R$anim: int umeng_xp_slide_in_from_bottom
com.avenwu.ereader.R$anim: int umeng_xp_slide_in_from_left
com.avenwu.ereader.R$anim: int umeng_xp_slide_in_from_right
com.avenwu.ereader.R$anim: int umeng_xp_slide_in_from_top
com.avenwu.ereader.R$array
com.avenwu.ereader.R$array: int cnblogs_catalog
com.avenwu.ereader.R$array: int menu_descriptions
com.avenwu.ereader.R$array: int menu_titles
com.avenwu.ereader.R$array: int netease_channel_links
com.avenwu.ereader.R$array: int netease_channel_names
com.avenwu.ereader.R$array: int setting_group
com.avenwu.ereader.R$attr
com.avenwu.ereader.R$attr: int actionBarDivider
com.avenwu.ereader.R$attr: int actionBarItemBackground
com.avenwu.ereader.R$attr: int actionBarSize
com.avenwu.ereader.R$attr: int actionBarSplitStyle
com.avenwu.ereader.R$attr: int actionBarStyle
com.avenwu.ereader.R$attr: int actionBarTabBarStyle
com.avenwu.ereader.R$attr: int actionBarTabStyle
com.avenwu.ereader.R$attr: int actionBarTabTextStyle
com.avenwu.ereader.R$attr: int actionBarWidgetTheme
com.avenwu.ereader.R$attr: int actionButtonStyle
com.avenwu.ereader.R$attr: int actionDropDownStyle
com.avenwu.ereader.R$attr: int actionMenuTextAppearance
com.avenwu.ereader.R$attr: int actionMenuTextColor
com.avenwu.ereader.R$attr: int actionModeBackground
com.avenwu.ereader.R$attr: int actionModeCloseButtonStyle
com.avenwu.ereader.R$attr: int actionModeCloseDrawable
com.avenwu.ereader.R$attr: int actionModePopupWindowStyle
com.avenwu.ereader.R$attr: int actionModeShareDrawable
com.avenwu.ereader.R$attr: int actionModeSplitBackground
com.avenwu.ereader.R$attr: int actionModeStyle
com.avenwu.ereader.R$attr: int actionOverflowButtonStyle
com.avenwu.ereader.R$attr: int actionSpinnerItemStyle
com.avenwu.ereader.R$attr: int activatedBackgroundIndicator
com.avenwu.ereader.R$attr: int activityChooserViewStyle
com.avenwu.ereader.R$attr: int animationBitmapFormat
com.avenwu.ereader.R$attr: int background
com.avenwu.ereader.R$attr: int backgroundSplit
com.avenwu.ereader.R$attr: int backgroundStacked
com.avenwu.ereader.R$bool
com.avenwu.ereader.R$bool: int abs__action_bar_embed_tabs
com.avenwu.ereader.R$bool: int abs__action_bar_expanded_action_views_exclusive
com.avenwu.ereader.R$bool: int abs__config_actionMenuItemAllCaps
com.avenwu.ereader.R$bool: int abs__config_allowActionMenuItemTextWithIcon
com.avenwu.ereader.R$bool: int abs__config_showMenuShortcutsWhenKeyboardPresent
com.avenwu.ereader.R$bool: int abs__split_action_bar_is_narrow
...
android.support.v4.view.AccessibilityDelegateCompatIcs
android.support.v4.view.AccessibilityDelegateCompatIcs: AccessibilityDelegateCompatIcs()
android.support.v4.view.AccessibilityDelegateCompatIcs: java.lang.Object newAccessibilityDelegateDefaultImpl()
android.support.v4.view.AccessibilityDelegateCompatIcs: java.lang.Object newAccessibilityDelegateBridge(android.support.v4.view.AccessibilityDelegateCompatIcs$AccessibilityDelegateBridge)
android.support.v4.view.AccessibilityDelegateCompatIcs: boolean dispatchPopulateAccessibilityEvent(java.lang.Object,android.view.View,android.view.accessibility.AccessibilityEvent)
android.support.v4.view.AccessibilityDelegateCompatIcs: void onInitializeAccessibilityEvent(java.lang.Object,android.view.View,android.view.accessibility.AccessibilityEvent)
android.support.v4.view.AccessibilityDelegateCompatIcs: void onInitializeAccessibilityNodeInfo(java.lang.Object,android.view.View,java.lang.Object)
android.support.v4.view.AccessibilityDelegateCompatIcs: void onPopulateAccessibilityEvent(java.lang.Object,android.view.View,android.view.accessibility.AccessibilityEvent)
android.support.v4.view.AccessibilityDelegateCompatIcs: boolean onRequestSendAccessibilityEvent(java.lang.Object,android.view.ViewGroup,android.view.View,android.view.accessibility.AccessibilityEvent)
android.support.v4.view.AccessibilityDelegateCompatIcs: void sendAccessibilityEvent(java.lang.Object,android.view.View,int)
android.support.v4.view.AccessibilityDelegateCompatIcs$1
android.support.v4.view.AccessibilityDelegateCompatIcs$1: android.support.v4.view.AccessibilityDelegateCompatIcs$AccessibilityDelegateBridge val$bridge
android.support.v4.view.AccessibilityDelegateCompatIcs$1: AccessibilityDelegateCompatIcs$1(android.support.v4.view.AccessibilityDelegateCompatIcs$AccessibilityDelegateBridge)
android.support.v4.view.AccessibilityDelegateCompatIcs$1: boolean dispatchPopulateAccessibilityEvent(android.view.View,android.view.accessibility.AccessibilityEvent)
android.support.v4.view.AccessibilityDelegateCompatIcs$1: void onInitializeAccessibilityEvent(android.view.View,android.view.accessibility.AccessibilityEvent)
android.support.v4.view.AccessibilityDelegateCompatIcs$1: void onInitializeAccessibilityNodeInfo(android.view.View,android.view.accessibility.AccessibilityNodeInfo)
android.support.v4.view.AccessibilityDelegateCompatIcs$1: void onPopulateAccessibilityEvent(android.view.View,android.view.accessibility.AccessibilityEvent)
android.support.v4.view.AccessibilityDelegateCompatIcs$1: boolean onRequestSendAccessibilityEvent(android.view.ViewGroup,android.view.View,android.view.accessibility.AccessibilityEvent)
android.support.v4.view.AccessibilityDelegateCompatIcs$1: void sendAccessibilityEvent(android.view.View,int)
android.support.v4.view.AccessibilityDelegateCompatIcs$1: void sendAccessibilityEventUnchecked(android.view.View,android.view.accessibility.AccessibilityEvent)