rssreader-source/proguard_logs/mapping.txt
com.avenwu.ereader.BuildConfig -> com.avenwu.ereader.BuildConfig:
com.avenwu.ereader.R -> com.avenwu.ereader.R:
com.avenwu.ereader.R$anim -> com.avenwu.ereader.R$anim:
    int fade -> fade
    int layout_grid_inverse_fade -> layout_grid_inverse_fade
    int layout_wave_scale -> layout_wave_scale
    int left_in -> left_in
    int left_out -> left_out
    int list_layout_wave_scale -> list_layout_wave_scale
    int list_wave_scale -> list_wave_scale
    int scale_up -> scale_up
    int setting_rotate -> setting_rotate
    int slide_in_from_bottom -> slide_in_from_bottom
    int slide_in_from_top -> slide_in_from_top
    int slide_out_to_bottom -> slide_out_to_bottom
    int slide_out_to_top -> slide_out_to_top
    int umeng_fb_slide_in_from_left -> umeng_fb_slide_in_from_left
    int umeng_fb_slide_in_from_right -> umeng_fb_slide_in_from_right
    int umeng_fb_slide_out_from_left -> umeng_fb_slide_out_from_left
    int umeng_fb_slide_out_from_right -> umeng_fb_slide_out_from_right
    int umeng_xp_fade_in -> umeng_xp_fade_in
    int umeng_xp_fade_out -> umeng_xp_fade_out
    int umeng_xp_large_gallery_in -> umeng_xp_large_gallery_in
    int umeng_xp_progressbar -> umeng_xp_progressbar
    int umeng_xp_push_down_out -> umeng_xp_push_down_out
    int umeng_xp_push_up_in -> umeng_xp_push_up_in
    int umeng_xp_push_up_out -> umeng_xp_push_up_out
    int umeng_xp_slide_in_from_bottom -> umeng_xp_slide_in_from_bottom
    int umeng_xp_slide_in_from_left -> umeng_xp_slide_in_from_left
    int umeng_xp_slide_in_from_right -> umeng_xp_slide_in_from_right
com.avenwu.ereader.R$array -> com.avenwu.ereader.R$array:
    int cnblogs_catalog -> cnblogs_catalog
    int menu_descriptions -> menu_descriptions
    int menu_titles -> menu_titles
    int netease_channel_links -> netease_channel_links
    int netease_channel_names -> netease_channel_names
    int setting_group -> setting_group
com.avenwu.ereader.R$attr -> com.avenwu.ereader.R$attr:
    int actionBarDivider -> actionBarDivider
    int actionBarItemBackground -> actionBarItemBackground
    int actionBarSize -> actionBarSize
    int actionBarSplitStyle -> actionBarSplitStyle
    int actionBarStyle -> actionBarStyle
    int actionBarTabBarStyle -> actionBarTabBarStyle
    int actionBarTabStyle -> actionBarTabStyle
    int actionBarTabTextStyle -> actionBarTabTextStyle
    int actionBarWidgetTheme -> actionBarWidgetTheme
    int actionButtonStyle -> actionButtonStyle
    int actionDropDownStyle -> actionDropDownStyle
    int actionMenuTextAppearance -> actionMenuTextAppearance
    int actionMenuTextColor -> actionMenuTextColor
    int actionModeBackground -> actionModeBackground
    int actionModeCloseButtonStyle -> actionModeCloseButtonStyle
    int actionModeCloseDrawable -> actionModeCloseDrawable
    int actionModePopupWindowStyle -> actionModePopupWindowStyle
    int actionModeShareDrawable -> actionModeShareDrawable
    int actionModeSplitBackground -> actionModeSplitBackground
    int actionModeStyle -> actionModeStyle
    int actionOverflowButtonStyle -> actionOverflowButtonStyle
    int actionSpinnerItemStyle -> actionSpinnerItemStyle
    int activatedBackgroundIndicator -> activatedBackgroundIndicator
    int activityChooserViewStyle -> activityChooserViewStyle
    int animationBitmapFormat -> animationBitmapFormat
    int background -> background
    int backgroundSplit -> backgroundSplit
com.avenwu.ereader.R$bool -> com.avenwu.ereader.R$bool:
    int abs__action_bar_embed_tabs -> abs__action_bar_embed_tabs
    int abs__action_bar_expanded_action_views_exclusive -> abs__action_bar_expanded_action_views_exclusive
    int abs__config_actionMenuItemAllCaps -> abs__config_actionMenuItemAllCaps
    int abs__config_allowActionMenuItemTextWithIcon -> abs__config_allowActionMenuItemTextWithIcon
    int abs__config_showMenuShortcutsWhenKeyboardPresent -> abs__config_showMenuShortcutsWhenKeyboardPresent
    int abs__split_action_bar_is_narrow -> abs__split_action_bar_is_narrow
...
com.j256.ormlite.dao.Dao$CreateOrUpdateStatus -> com.j256.ormlite.dao.Dao$CreateOrUpdateStatus:
    boolean created -> created
    boolean updated -> updated
    int numLinesChanged -> numLinesChanged
    boolean isCreated() -> isCreated
    boolean isUpdated() -> isUpdated
    int getNumLinesChanged() -> getNumLinesChanged
com.j256.ormlite.dao.DaoManager -> com.j256.ormlite.dao.DaoManager:
    java.util.Map configMap -> configMap
    java.util.Map classMap -> classMap
    java.util.Map tableConfigMap -> tableConfigMap
    com.j256.ormlite.logger.Logger logger -> logger
    com.j256.ormlite.dao.Dao createDao(com.j256.ormlite.support.ConnectionSource,java.lang.Class) -> createDao
    com.j256.ormlite.dao.Dao lookupDao(com.j256.ormlite.support.ConnectionSource,java.lang.Class) -> lookupDao
    com.j256.ormlite.dao.Dao createDao(com.j256.ormlite.support.ConnectionSource,com.j256.ormlite.table.DatabaseTableConfig) -> createDao
    com.j256.ormlite.dao.Dao lookupDao(com.j256.ormlite.support.ConnectionSource,com.j256.ormlite.table.DatabaseTableConfig) -> lookupDao
    void registerDao(com.j256.ormlite.support.ConnectionSource,com.j256.ormlite.dao.Dao) -> registerDao
    void unregisterDao(com.j256.ormlite.support.ConnectionSource,com.j256.ormlite.dao.Dao) -> unregisterDao
    void registerDaoWithTableConfig(com.j256.ormlite.support.ConnectionSource,com.j256.ormlite.dao.Dao) -> registerDaoWithTableConfig
    void clearCache() -> clearCache
    void clearDaoCache() -> clearDaoCache
    void addCachedDatabaseConfigs(java.util.Collection) -> addCachedDatabaseConfigs
    void addDaoToClassMap(com.j256.ormlite.dao.DaoManager$ClassConnectionSource,com.j256.ormlite.dao.Dao) -> addDaoToClassMap
com.j256.ormlite.dao.DaoManager$ClassConnectionSource -> com.j256.ormlite.dao.DaoManager$ClassConnectionSource:
    com.j256.ormlite.support.ConnectionSource connectionSource -> connectionSource
    java.lang.Class clazz -> clazz
    int hashCode() -> hashCode
    boolean equals(java.lang.Object) -> equals
com.j256.ormlite.dao.DaoManager$TableConfigConnectionSource -> com.j256.ormlite.dao.DaoManager$TableConfigConnectionSource:
    com.j256.ormlite.support.ConnectionSource connectionSource -> connectionSource
    com.j256.ormlite.table.DatabaseTableConfig tableConfig -> tableConfig
    int hashCode() -> hashCode
    boolean equals(java.lang.Object) -> equals
com.j256.ormlite.dao.EagerForeignCollection -> com.j256.ormlite.dao.EagerForeignCollection:
    long serialVersionUID -> serialVersionUID
    java.util.List results -> results
    com.j256.ormlite.dao.CloseableIterator iterator() -> iterator
    com.j256.ormlite.dao.CloseableIterator closeableIterator() -> closeableIterator
    com.j256.ormlite.dao.CloseableIterator iteratorThrow() -> iteratorThrow
    com.j256.ormlite.dao.CloseableWrappedIterable getWrappedIterable() -> getWrappedIterable
    void close() -> close
    void closeLastIterator() -> closeLastIterator
    boolean isEager() -> isEager
    int size() -> size
    boolean isEmpty() -> isEmpty
    boolean contains(java.lang.Object) -> contains
    boolean containsAll(java.util.Collection) -> containsAll
    java.lang.Object[] toArray() -> toArray
    java.lang.Object[] toArray(java.lang.Object[]) -> toArray
    boolean add(java.lang.Object) -> add
    boolean addAll(java.util.Collection) -> addAll
    boolean remove(java.lang.Object) -> remove
    boolean removeAll(java.util.Collection) -> removeAll
    boolean retainAll(java.util.Collection) -> retainAll
    void clear() -> clear
    int updateAll() -> updateAll
    int refreshAll() -> refreshAll
    int refreshCollection() -> refreshCollection
    boolean equals(java.lang.Object) -> equals
    int hashCode() -> hashCode
    java.util.Iterator iterator() -> iterator
    java.util.List access$000(com.j256.ormlite.dao.EagerForeignCollection) -> access$000