rssreader-source/proguard_logs/usage.txt
com.avenwu.ereader.BuildConfig:
    public static final boolean DEBUG
com.avenwu.ereader.activity.NeteaseActivity:
    private static final java.lang.String TAG
com.avenwu.ereader.activity.PhotoDetailActivity$DepthPageTransformer:
    private static final float MIN_SCALE
com.avenwu.ereader.adapter.CsdnNewsAdapter$NewsHolder:
    public android.widget.TextView contentView
com.avenwu.ereader.bdphotos.BDProvider:
    81:81:public boolean update(com.avenwu.ereader.model.PhotoFeedItem)
    15:15:public bridge synthetic boolean update(java.lang.Object)
com.avenwu.ereader.config.Constant:
    public static final int CNBLOGS_HOME
    public static final int CNBLOGS_PICKED
    public static final int CNBLOGS_CANDICATE
    public static final int CNBLOGS_NEWS
    public static final int TARGET_URL_INDEX
    public static final java.lang.String PHOTO_REQUEST_PREFIX
    public static final java.lang.String NETEASE_REQUEST_PREFIX
    public static final java.lang.String KUGUO_APP_ID
    public static final java.lang.String WAPS_APP_ID
com.avenwu.ereader.dataprovider.DaoManager:
    116:118:public java.util.ArrayList getPhotoFeedItems()
    123:133:public void addPhotoItems(java.util.List)
    159:163:public void release()
com.avenwu.ereader.dataprovider.DataCenter:
    118:132:public java.lang.String getArtical(int,java.lang.String)
com.avenwu.ereader.dataprovider.OrmDBHelper:
    private static final java.lang.String DB_NAME
    private static final int DB_VERSION
    103:104:public void clearTable(java.lang.Class)
com.avenwu.ereader.downloader.RssLoaderManager:
    public static final java.lang.String PACKAGE_PREFIX
    public static final java.lang.String HTTPCLIENT_RSS_LOADER
    public static final java.lang.String URLCONNECTION_RSS_LOADER
    public static final java.lang.String DEFAULT_LOADER
com.avenwu.ereader.netease.NeteaseProvider:
    private static final java.lang.String TAG
    96:96:public boolean update(com.avenwu.ereader.model.NeteaseNewsItem)
    17:17:public bridge synthetic boolean update(java.lang.Object)
com.avenwu.ereader.request.BDPhotoParams:
    public static final java.lang.String MEI_NV
    public static final java.lang.String XING_GAN
com.avenwu.ereader.task.BaiduPhotoRequest:
    15:17:public BaiduPhotoRequest(com.avenwu.ereader.task.BaseListener)
com.avenwu.ereader.task.BaseListener:
    public static final int SUCCESS
    public static final int FAILED
    public static final int ERROR
com.avenwu.ereader.utils.UIHelper:
    12:14:public static android.content.Intent back2Menu(android.content.Context)
    18:22:public static android.util.DisplayMetrics getScreenMetrix(android.content.Context)
com.avenwu.ereader.view.GridviewWrapper:
    33:34:public void addHeaderView(android.view.View)
com.avenwu.ereader.view.RefreshView:
    57:57:public boolean isRefreshState()
com.avenwu.ereader.xmlparse.Element:
    public static final java.lang.String entry
    public static final java.lang.String id
    public static final java.lang.String title
    public static final java.lang.String summary
    public static final java.lang.String published
    public static final java.lang.String updated
    public static final java.lang.String author
    public static final java.lang.String name
    public static final java.lang.String uri
    public static final java.lang.String link
    public static final java.lang.String content
    public static final java.lang.String description
    public static final java.lang.String pubDate
    public static final java.lang.String guid
    public static final java.lang.String item
    public static final java.lang.String channel
...
org.jsoup.select.Elements:
    22:24:public Elements(int)
    26:28:public Elements(java.util.Collection)
    35:36:public varargs Elements(org.jsoup.nodes.Element[])
    62:66:public java.lang.String attr(java.lang.String)
    75:79:public boolean hasAttr(java.lang.String)
    89:92:public org.jsoup.select.Elements attr(java.lang.String,java.lang.String)
    101:104:public org.jsoup.select.Elements removeAttr(java.lang.String)
    113:116:public org.jsoup.select.Elements addClass(java.lang.String)
    125:128:public org.jsoup.select.Elements removeClass(java.lang.String)
    137:140:public org.jsoup.select.Elements toggleClass(java.lang.String)
    149:153:public boolean hasClass(java.lang.String)
    162:165:public java.lang.String val()
    174:176:public org.jsoup.select.Elements val(java.lang.String)
    188:194:public java.lang.String text()
    198:202:public boolean hasText()
    212:218:public java.lang.String html()
    255:258:public org.jsoup.select.Elements tagName(java.lang.String)
    268:271:public org.jsoup.select.Elements html(java.lang.String)
    281:284:public org.jsoup.select.Elements prepend(java.lang.String)
    294:297:public org.jsoup.select.Elements append(java.lang.String)
    307:310:public org.jsoup.select.Elements before(java.lang.String)
    320:323:public org.jsoup.select.Elements after(java.lang.String)
    336:340:public org.jsoup.select.Elements wrap(java.lang.String)
    357:360:public org.jsoup.select.Elements unwrap()
org.jsoup.select.Evaluator:
    public abstract boolean matches(org.jsoup.nodes.Element,org.jsoup.nodes.Element)
org.jsoup.select.Evaluator$AllElements:
    292:292:public boolean matches(org.jsoup.nodes.Element,org.jsoup.nodes.Element)
org.jsoup.select.Evaluator$Attribute:
    102:104:public Evaluator$Attribute(java.lang.String)
    108:108:public boolean matches(org.jsoup.nodes.Element,org.jsoup.nodes.Element)
org.jsoup.select.Evaluator$AttributeKeyPair:
    276:282:public Evaluator$AttributeKeyPair(java.lang.String,java.lang.String)
org.jsoup.select.Evaluator$AttributeStarting:
    124:126:public Evaluator$AttributeStarting(java.lang.String)
    130:135:public boolean matches(org.jsoup.nodes.Element,org.jsoup.nodes.Element)
org.jsoup.select.Evaluator$AttributeWithValue:
    150:151:public Evaluator$AttributeWithValue(java.lang.String,java.lang.String)
    155:155:public boolean matches(org.jsoup.nodes.Element,org.jsoup.nodes.Element)
org.jsoup.select.Evaluator$AttributeWithValueContaining:
    230:231:public Evaluator$AttributeWithValueContaining(java.lang.String,java.lang.String)
    235:235:public boolean matches(org.jsoup.nodes.Element,org.jsoup.nodes.Element)
org.jsoup.select.Evaluator$AttributeWithValueEnding:
    210:211:public Evaluator$AttributeWithValueEnding(java.lang.String,java.lang.String)
    215:215:public boolean matches(org.jsoup.nodes.Element,org.jsoup.nodes.Element)
org.jsoup.select.Evaluator$AttributeWithValueMatching:
    252:255:public Evaluator$AttributeWithValueMatching(java.lang.String,java.util.regex.Pattern)
    259:259:public boolean matches(org.jsoup.nodes.Element,org.jsoup.nodes.Element)
org.jsoup.select.Evaluator$AttributeWithValueNot:
    170:171:public Evaluator$AttributeWithValueNot(java.lang.String,java.lang.String)
    175:175:public boolean matches(org.jsoup.nodes.Element,org.jsoup.nodes.Element)
org.jsoup.select.Evaluator$AttributeWithValueStarting:
    190:191:public Evaluator$AttributeWithValueStarting(java.lang.String,java.lang.String)
    195:195:public boolean matches(org.jsoup.nodes.Element,org.jsoup.nodes.Element)
org.jsoup.select.Evaluator$Class:
    80:82:public Evaluator$Class(java.lang.String)
    86:86:public boolean matches(org.jsoup.nodes.Element,org.jsoup.nodes.Element)
org.jsoup.select.Evaluator$ContainsOwnText:
    643:645:public Evaluator$ContainsOwnText(java.lang.String)
    649:649:public boolean matches(org.jsoup.nodes.Element,org.jsoup.nodes.Element)